
A T O M   T Y P E S

IDX	TYPE	RING
1	C_3	NO
2	O_2	NO
3	C_R	AR
4	C_R	AR
5	C_R	AR
6	C_R	AR
7	C_R	AR
8	C_R	AR
9	N_R	AR
10	C_R	AR
11	N_R	AR
12	S_3+2	NO
13	O_2	NO
14	C_3	NO
15	C_R	AR
16	N_R	AR
17	C_R	AR
18	C_R	AR
19	C_3	NO
20	C_R	AR
21	O_2	NO
22	C_3	NO
23	C_R	AR
24	C_3	NO
25	H_	NO
26	H_	NO
27	H_	NO
28	H_	NO
29	H_	NO
30	H_	NO
31	H_	NO
32	H_	NO
33	H_	NO
34	H_	NO
35	H_	NO
36	H_	NO
37	H_	NO
38	H_	NO
39	H_	NO
40	H_	NO
41	H_	NO
42	H_	NO
43	H_	NO

S E T T I N G   U P   C A L C U L A T I O N S

SETTING UP BOND CALCULATIONS...
SETTING UP ANGLE CALCULATIONS...
SETTING UP TORSION CALCULATIONS...
SETTING UP OOP CALCULATIONS...
SETTING UP VAN DER WAALS CALCULATIONS...

S T E E P E S T   D E S C E N T

STEPS = 10000

STEP n       E(n)         E(n-1)    
------------------------------------
    0     682.459      ----
   10    505.41466    507.89709
   20    489.93662    491.03559
   30    481.53664    482.22179
   40    475.86907    476.35806
   50    471.67012    472.04221
   60    468.40926    468.70267
   70    465.80282    466.03987
   80    463.67397    463.86931
   90    461.90270    462.06654
  100    460.40376    460.54345
  110    459.11502    459.23596
  120    457.99048    458.09669
  130    456.99571    457.09023
  140    456.10475    456.18985
  150    455.29783    455.37527
  160    454.55983    454.63094
  170    453.87907    453.94490
  180    453.24648    453.30783
  190    452.65494    452.71246
  200    452.09882    452.15302
  210    451.57364    451.62491
  220    451.07576    451.12444
  230    450.60222    450.64859
  240    450.15060    450.19487
  250    449.71885    449.76121
  260    449.30526    449.34587
  270    448.90837    448.94737
  280    448.52692    448.56443
  290    448.15981    448.19593
  300    447.80607    447.84090
  310    447.46486    447.49846
  320    447.13539    447.16785
  330    446.81699    446.84837
  340    446.50903    446.53939
  350    446.21094    446.24034
  360    445.92220    445.95069
  370    445.64234    445.66996
  380    445.37091    445.39771
  390    445.10751    445.13352
  400    444.85176    444.87702
  410    444.60330    444.62785
  420    444.36182    444.38568
  430    444.12700    444.15020
  440    443.89855    443.92113
  450    443.67622    443.69820
  460    443.45975    443.48115
  470    443.24889    443.26974
  480    443.04343    443.06375
  490    442.84315    442.86296
  500    442.64785    442.66718
  510    442.45736    442.47621
  520    442.27149    442.28988
  530    442.09006    442.10802
  540    441.91294    441.93047
  550    441.73995    441.75708
  560    441.57096    441.58770
  570    441.40584    441.42219
  580    441.24445    441.26043
  590    441.08666    441.10229
  600    440.93237    440.94766
  610    440.78146    440.79641
  620    440.63382    440.64845
  630    440.48935    440.50367
  640    440.34794    440.36196
  650    440.20951    440.22324
  660    440.07397    440.08741
  670    439.94122    439.95438
  680    439.81118    439.82408
  690    439.68378    439.69641
  700    439.55893    439.57131
  710    439.43655    439.44868
  720    439.31658    439.32848
  730    439.19894    439.21061
  740    439.08358    439.09503
  750    438.97043    438.98165
  760    438.85942    438.87044
  770    438.75049    438.76130
  780    438.64360    438.65421
  790    438.53867    438.54909
  800    438.43567    438.44589
  810    438.33453    438.34457
  820    438.23520    438.24506
  830    438.13764    438.14733
  840    438.04181    438.05132
  850    437.94764    437.95699
  860    437.85508    437.86427
  870    437.76411    437.77315
  880    437.67470    437.68358
  890    437.58678    437.59551
  900    437.50032    437.50891
  910    437.41526    437.42371
  920    437.33157    437.33989
  930    437.24921    437.25740
  940    437.16814    437.17620
  950    437.08834    437.09627
  960    437.00976    437.01757
  970    436.93237    436.94006
  980    436.85614    436.86372
  990    436.78104    436.78850
 1000    436.70704    436.71440
 1010    436.63412    436.64137
 1020    436.56223    436.56938
 1030    436.49137    436.49842
 1040    436.42150    436.42845
 1050    436.35258    436.35944
 1060    436.28460    436.29136
 1070    436.21749    436.22417
 1080    436.15126    436.15785
 1090    436.08588    436.09238
 1100    436.02132    436.02775
 1110    435.95758    435.96392
 1120    435.89462    435.90089
 1130    435.83241    435.83861
 1140    435.77094    435.77706
 1150    435.71016    435.71622
 1160    435.65005    435.65604
 1170    435.59056    435.59649
 1180    435.53169    435.53756
 1190    435.47342    435.47923
 1200    435.41574    435.42149
 1210    435.35864    435.36433
 1220    435.30206    435.30771
 1230    435.24599    435.25159
 1240    435.19040    435.19595
 1250    435.13526    435.14076
 1260    435.08057    435.08602
 1270    435.02631    435.03172
 1280    434.97246    434.97783
 1290    434.91899    434.92432
 1300    434.86585    434.87116
 1310    434.81305    434.81832
 1320    434.76053    434.76578
 1330    434.70823    434.71346
 1340    434.65616    434.66136
 1350    434.60435    434.60953
 1360    434.55276    434.55792
 1370    434.50137    434.50651
 1380    434.45015    434.45527
 1390    434.39904    434.40415
 1400    434.34809    434.35319
 1410    434.29726    434.30235
 1420    434.24642    434.25151
 1430    434.19551    434.20061
 1440    434.14452    434.14963
 1450    434.09351    434.09862
 1460    434.04248    434.04759
 1470    433.99133    433.99646
 1480    433.93994    433.94510
 1490    433.88834    433.89351
 1500    433.83896    433.84329
 1510    433.80452    433.80763
 1520    433.77374    433.77681
 1530    433.74309    433.74615
 1540    433.71250    433.71556
 1550    433.68202    433.68507
 1560    433.65155    433.65460
 1570    433.62109    433.62414
 1580    433.59063    433.59368
 1590    433.56012    433.56317
 1600    433.52969    433.53274
 1610    433.49929    433.50233
 1620    433.46889    433.47194
 1630    433.43844    433.44149
 1640    433.40793    433.41099
 1650    433.37744    433.38050
 1660    433.34688    433.34995
 1670    433.31624    433.31931
 1680    433.28553    433.28861
 1690    433.25466    433.25776
 1700    433.22360    433.22672
 1710    433.19239    433.19553
 1720    433.16106    433.16420
 1730    433.12962    433.13278
 1740    433.09795    433.10113
 1750    433.06608    433.06928
 1760    433.03399    433.03721
 1770    433.00162    433.00488
 1780    432.96887    432.97217
 1790    432.93579    432.93912
 1800    432.90237    432.90574
 1810    432.86852    432.87193
 1820    432.83420    432.83766
 1830    432.80183    432.80454
 1840    432.77943    432.78153
 1850    432.75858    432.76066
 1860    432.73775    432.73984
 1870    432.71685    432.71894
 1880    432.69592    432.69801
 1890    432.67499    432.67709
 1900    432.65403    432.65613
 1910    432.63302    432.63513
 1920    432.61195    432.61406
 1930    432.59079    432.59292
 1940    432.56951    432.57165
 1950    432.54813    432.55027
 1960    432.52660    432.52876
 1970    432.50492    432.50709
 1980    432.48313    432.48532
 1990    432.46126    432.46345
 2000    432.43925    432.44146
 2010    432.41710    432.41933
 2020    432.39486    432.39708
 2030    432.37253    432.37478
 2040    432.35007    432.35232
 2050    432.32743    432.32971
 2060    432.30454    432.30684
 2070    432.28142    432.28375
 2080    432.25800    432.26036
 2090    432.23425    432.23665
 2100    432.21028    432.21269
 2110    432.18612    432.18855
 2120    432.16168    432.16414
 2130    432.13685    432.13935
 2140    432.11169    432.11422
 2150    432.08616    432.08874
 2160    432.06034    432.06294
 2170    432.03422    432.03685
 2180    432.00770    432.01038
 2190    431.98126    431.98375
 2200    431.96120    431.96293
 2210    431.94419    431.94589
 2220    431.92715    431.92887
 2230    431.91003    431.91175
 2240    431.89276    431.89450
 2250    431.87533    431.87707
 2260    431.85777    431.85954
 2270    431.84015    431.84191
 2280    431.82243    431.82421
 2290    431.80458    431.80637
 2300    431.78658    431.78839
 2310    431.76843    431.77026
 2320    431.75025    431.75207
 2330    431.73194    431.73378
 2340    431.71349    431.71535
 2350    431.69488    431.69675
 2360    431.67617    431.67805
 2370    431.65730    431.65919
 2380    431.63843    431.64032
 2390    431.61942    431.62133
 2400    431.60012    431.60207
 2410    431.58049    431.58247
 2420    431.56073    431.56271
 2430    431.54069    431.54271
 2440    431.52041    431.52246
 2450    431.49980    431.50187
 2460    431.47890    431.48101
 2470    431.45769    431.45984
 2480    431.43615    431.43832
 2490    431.41445    431.41663
 2500    431.39248    431.39469
 2510    431.37023    431.37248
 2520    431.34745    431.34976
 2530    431.32441    431.32673
 2540    431.30211    431.30414
 2550    431.28485    431.28643
 2560    431.26927    431.27082
 2570    431.25370    431.25526
 2580    431.23806    431.23963
 2590    431.22229    431.22388
 2600    431.20638    431.20798
 2610    431.19038    431.19199
 2620    431.17421    431.17584
 2630    431.15784    431.15948
 2640    431.14136    431.14302
 2650    431.12473    431.12639
 2660    431.10806    431.10974
 2670    431.09120    431.09289
 2680    431.07415    431.07587
 2690    431.05690    431.05863
 2700    431.03947    431.04123
 2710    431.02188    431.02365
 2720    431.00401    431.00582
 2730    430.98579    430.98762
 2740    430.96733    430.96919
 2750    430.94858    430.95046
 2760    430.92952    430.93144
 2770    430.91013    430.91208
 2780    430.89040    430.89240
 2790    430.87028    430.87231
 2800    430.84991    430.85198
 2810    430.82920    430.83129
 2820    430.80822    430.81034
 2830    430.78682    430.78899
 2840    430.76490    430.76712
 2850    430.74250    430.74475
 2860    430.72103    430.72290
 2870    430.70543    430.70688
 2880    430.69095    430.69240
 2890    430.67642    430.67788
 2900    430.66170    430.66318
 2910    430.64680    430.64830
 2920    430.63173    430.63325
 2930    430.61656    430.61809
 2940    430.60128    430.60282
 2950    430.58582    430.58737
 2960    430.57032    430.57188
 2970    430.55467    430.55624
 2980    430.53883    430.54042
 2990    430.52279    430.52440
 3000    430.50654    430.50817
 3010    430.49014    430.49179
 3020    430.47347    430.47515
 3030    430.45660    430.45830
 3040    430.43945    430.44117
 3050    430.42206    430.42382
 3060    430.40436    430.40613
 3070    430.38643    430.38825
 3080    430.36820    430.37003
 3090    430.34983    430.35168
 3100    430.33129    430.33315
 3110    430.31256    430.31446
 3120    430.29334    430.29529
 3130    430.27368    430.27566
 3140    430.25373    430.25575
 3150    430.23341    430.23547
 3160    430.21262    430.21473
 3170    430.19160    430.19373
 3180    430.17041    430.17250
 3190    430.15218    430.15371
 3200    430.13772    430.13915
 3210    430.12341    430.12486
 3220    430.10897    430.11041
 3230    430.09448    430.09593
 3240    430.07998    430.08143
 3250    430.06530    430.06678
 3260    430.05049    430.05198
 3270    430.03550    430.03701
 3280    430.02034    430.02187
 3290    430.00501    430.00655
 3300    429.98950    429.99105
 3310    429.97382    429.97540
 3320    429.95800    429.95958
 3330    429.94211    429.94370
 3340    429.92616    429.92776
 3350    429.90999    429.91162
 3360    429.89356    429.89521
 3370    429.87690    429.87858
 3380    429.85990    429.86161
 3390    429.84275    429.84448
 3400    429.82532    429.82707
 3410    429.80781    429.80958
 3420    429.79001    429.79181
 3430    429.77193    429.77376
 3440    429.75364    429.75548
 3450    429.73513    429.73699
 3460    429.71646    429.71835
 3470    429.69755    429.69945
 3480    429.67833    429.68028
 3490    429.65873    429.66070
 3500    429.63878    429.64080
 3510    429.61837    429.62044
 3520    429.59770    429.59976
 3530    429.57870    429.58034
 3540    429.56409    429.56549
 3550    429.55004    429.55145
 3560    429.53588    429.53730
 3570    429.52153    429.52297
 3580    429.50704    429.50849
 3590    429.49247    429.49393
 3600    429.47789    429.47936
 3610    429.46324    429.46471
 3620    429.44842    429.44991
 3630    429.43351    429.43501
 3640    429.41848    429.41999
 3650    429.40349    429.40498
 3660    429.38845    429.38996
 3670    429.37326    429.37479
 3680    429.35786    429.35942
 3690    429.34218    429.34377
 3700    429.32622    429.32783
 3710    429.30996    429.31160
 3720    429.29354    429.29519
 3730    429.27704    429.27870
 3740    429.26023    429.26193
 3750    429.24319    429.24490
 3760    429.22597    429.22771
 3770    429.20843    429.21020
 3780    429.19068    429.19247
 3790    429.17259    429.17442
 3800    429.15416    429.15603
 3810    429.13536    429.13726
 3820    429.11625    429.11818
 3830    429.09680    429.09875
 3840    429.07705    429.07904
 3850    429.05779    429.05956
 3860    429.04302    429.04436
 3870    429.02962    429.03096
 3880    429.01614    429.01750
 3890    429.00256    429.00392
 3900    428.98887    428.99024
 3910    428.97511    428.97649
 3920    428.96132    428.96271
 3930    428.94740    428.94880
 3940    428.93338    428.93479
 3950    428.91926    428.92068
 3960    428.90505    428.90647
 3970    428.89067    428.89212
 3980    428.87611    428.87757
 3990    428.86139    428.86287
 4000    428.84638    428.84790
 4010    428.83110    428.83264
 4020    428.81566    428.81721
 4030    428.80001    428.80159
 4040    428.78422    428.78581
 4050    428.76820    428.76981
 4060    428.75199    428.75362
 4070    428.73551    428.73718
 4080    428.71869    428.72037
 4090    428.70180    428.70350
 4100    428.68474    428.68646
 4110    428.66746    428.66920
 4120    428.64991    428.65169
 4130    428.63198    428.63380
 4140    428.61365    428.61550
 4150    428.59496    428.59684
 4160    428.57596    428.57786
 4170    428.55679    428.55872
 4180    428.53758    428.53947
 4190    428.52115    428.52253
 4200    428.50803    428.50933
 4210    428.49507    428.49637
 4220    428.48197    428.48329
 4230    428.46876    428.47009
 4240    428.45540    428.45675
 4250    428.44196    428.44331
 4260    428.42847    428.42983
 4270    428.41480    428.41618
 4280    428.40107    428.40246
 4290    428.38712    428.38853
 4300    428.37302    428.37444
 4310    428.35878    428.36022
 4320    428.34446    428.34589
 4330    428.32998    428.33145
 4340    428.31531    428.31680
 4350    428.30042    428.30191
 4360    428.28542    428.28693
 4370    428.27012    428.27167
 4380    428.25456    428.25613
 4390    428.23881    428.24040
 4400    428.22285    428.22445
 4410    428.20668    428.20832
 4420    428.19039    428.19203
 4430    428.17388    428.17554
 4440    428.15719    428.15887
 4450    428.14022    428.14192
 4460    428.12297    428.12472
 4470    428.10543    428.10720
 4480    428.08765    428.08945
 4490    428.06947    428.07132
 4500    428.05109    428.05292
 4510    428.03398    428.03547
 4520    428.02088    428.02213
 4530    428.00830    428.00956
 4540    427.99557    427.99685
 4550    427.98277    427.98406
 4560    427.96986    427.97116
 4570    427.95695    427.95825
 4580    427.94399    427.94530
 4590    427.93087    427.93218
 4600    427.91760    427.91894
 4610    427.90419    427.90554
 4620    427.89061    427.89198
 4630    427.87687    427.87825
 4640    427.86302    427.86441
 4650    427.84910    427.85050
 4660    427.83512    427.83652
 4670    427.82093    427.82236
 4680    427.80644    427.80790
 4690    427.79174    427.79321
 4700    427.77694    427.77844
 4710    427.76196    427.76348
 4720    427.74663    427.74817
 4730    427.73105    427.73261
 4740    427.71520    427.71680
 4750    427.69918    427.70078
 4760    427.68305    427.68466
 4770    427.66667    427.66833
 4780    427.64995    427.65165
 4790    427.63278    427.63452
 4800    427.61528    427.61704
 4810    427.59761    427.59939
 4820    427.57992    427.58164
 4830    427.56513    427.56638
 4840    427.55303    427.55424
 4850    427.54088    427.54210
 4860    427.52859    427.52981
 4870    427.51631    427.51754
 4880    427.50394    427.50518
 4890    427.49143    427.49269
 4900    427.47881    427.48008
 4910    427.46605    427.46734
 4920    427.45311    427.45442
 4930    427.43997    427.44130
 4940    427.42661    427.42795
 4950    427.41313    427.41449
 4960    427.39947    427.40085
 4970    427.38569    427.38708
 4980    427.37169    427.37310
 4990    427.35751    427.35894
 5000    427.34314    427.34458
 5010    427.32862    427.33008
 5020    427.31389    427.31537
 5030    427.29897    427.30047
 5040    427.28393    427.28544
 5050    427.26878    427.27031
 5060    427.25326    427.25484
 5070    427.23736    427.23896
 5080    427.22131    427.22293
 5090    427.20498    427.20663
 5100    427.18835    427.19003
 5110    427.17143    427.17314
 5120    427.15456    427.15619
 5130    427.14048    427.14169
 5140    427.12875    427.12992
 5150    427.11702    427.11820
 5160    427.10522    427.10641
 5170    427.09328    427.09448
 5180    427.08116    427.08238
 5190    427.06887    427.07011
 5200    427.05637    427.05763
 5210    427.04371    427.04499
 5220    427.03084    427.03214
 5230    427.01777    427.01909
 5240    427.00451    427.00584
 5250    426.99114    426.99249
 5260    426.97765    426.97900
 5270    426.96404    426.96541
 5280    426.95031    426.95169
 5290    426.93644    426.93783
 5300    426.92241    426.92383
 5310    426.90819    426.90963
 5320    426.89377    426.89521
 5330    426.87929    426.88074
 5340    426.86470    426.86617
 5350    426.84984    426.85134
 5360    426.83470    426.83622
 5370    426.81940    426.82093
 5380    426.80393    426.80549
 5390    426.78813    426.78972
 5400    426.77222    426.77383
 5410    426.75636    426.75788
 5420    426.74329    426.74444
 5430    426.73205    426.73317
 5440    426.72082    426.72195
 5450    426.70953    426.71066
 5460    426.69818    426.69932
 5470    426.68673    426.68789
 5480    426.67511    426.67629
 5490    426.66339    426.66457
 5500    426.65161    426.65280
 5510    426.63978    426.64096
 5520    426.62787    426.62907
 5530    426.61588    426.61708
 5540    426.60378    426.60500
 5550    426.59158    426.59281
 5560    426.57915    426.58040
 5570    426.56655    426.56781
 5580    426.55385    426.55513
 5590    426.54089    426.54220
 5600    426.52774    426.52906
 5610    426.51435    426.51570
 5620    426.50086    426.50222
 5630    426.48709    426.48849
 5640    426.47318    426.47458
 5650    426.45903    426.46046
 5660    426.44473    426.44616
 5670    426.43027    426.43173
 5680    426.41548    426.41698
 5690    426.40053    426.40203
 5700    426.38533    426.38688
 5710    426.36981    426.37138
 5720    426.35421    426.35575
 5730    426.34064    426.34178
 5740    426.32987    426.33093
 5750    426.31920    426.32027
 5760    426.30840    426.30949
 5770    426.29743    426.29854
 5780    426.28633    426.28745
 5790    426.27504    426.27618
 5800    426.26357    426.26472
 5810    426.25192    426.25310
 5820    426.24015    426.24133
 5830    426.22823    426.22943
 5840    426.21619    426.21739
 5850    426.20407    426.20530
 5860    426.19171    426.19296
 5870    426.17911    426.18038
 5880    426.16632    426.16761
 5890    426.15326    426.15458
 5900    426.13998    426.14131
 5910    426.12659    426.12794
 5920    426.11292    426.11430
 5930    426.09896    426.10037
 5940    426.08473    426.08617
 5950    426.07026    426.07172
 5960    426.05553    426.05701
 5970    426.04059    426.04211
 5980    426.02523    426.02679
 5990    426.00993    426.01135
 6000    425.99860    425.99958
 6010    425.98878    425.98976
 6020    425.97892    425.97991
 6030    425.96893    425.96993
 6040    425.95885    425.95986
 6050    425.94864    425.94967
 6060    425.93828    425.93933
 6070    425.92779    425.92884
 6080    425.91718    425.91825
 6090    425.90640    425.90749
 6100    425.89549    425.89659
 6110    425.88447    425.88558
 6120    425.87335    425.87447
 6130    425.86213    425.86326
 6140    425.85074    425.85189
 6150    425.83920    425.84036
 6160    425.82752    425.82870
 6170    425.81560    425.81681
 6180    425.80353    425.80475
 6190    425.79132    425.79254
 6200    425.77903    425.78027
 6210    425.76665    425.76788
 6220    425.75420    425.75545
 6230    425.74156    425.74284
 6240    425.72873    425.73002
 6250    425.71571    425.71703
 6260    425.70248    425.70382
 6270    425.68895    425.69033
 6280    425.67521    425.67658
 6290    425.66150    425.66288
 6300    425.64753    425.64894
 6310    425.63346    425.63485
 6320    425.62111    425.62215
 6330    425.61139    425.61235
 6340    425.60179    425.60276
 6350    425.59210    425.59307
 6360    425.58236    425.58334
 6370    425.57249    425.57348
 6380    425.56252    425.56353
 6390    425.55246    425.55348
 6400    425.54233    425.54335
 6410    425.53213    425.53315
 6420    425.52182    425.52285
 6430    425.51135    425.51240
 6440    425.50072    425.50179
 6450    425.48989    425.49098
 6460    425.47890    425.47999
 6470    425.46782    425.46894
 6480    425.45655    425.45768
 6490    425.44519    425.44633
 6500    425.43364    425.43481
 6510    425.42184    425.42303
 6520    425.40987    425.41108
 6530    425.39772    425.39893
 6540    425.38553    425.38677
 6550    425.37317    425.37440
 6560    425.36068    425.36194
 6570    425.34794    425.34922
 6580    425.33499    425.33631
 6590    425.32172    425.32306
 6600    425.30825    425.30961
 6610    425.29472    425.29604
 6620    425.28373    425.28466
 6630    425.27473    425.27563
 6640    425.26570    425.26661
 6650    425.25657    425.25748
 6660    425.24734    425.24826
 6670    425.23801    425.23895
 6680    425.22859    425.22954
 6690    425.21901    425.21998
 6700    425.20929    425.21027
 6710    425.19944    425.20042
 6720    425.18951    425.19050
 6730    425.17946    425.18047
 6740    425.16929    425.17031
 6750    425.15902    425.16005
 6760    425.14863    425.14968
 6770    425.13803    425.13910
 6780    425.12723    425.12832
 6790    425.11629    425.11739
 6800    425.10525    425.10636
 6810    425.09407    425.09520
 6820    425.08277    425.08391
 6830    425.07129    425.07244
 6840    425.05961    425.06078
 6850    425.04771    425.04891
 6860    425.03563    425.03684
 6870    425.02339    425.02462
 6880    425.01091    425.01218
 6890    424.99822    424.99950
 6900    424.98549    424.98674
 6910    424.97475    424.97565
 6920    424.96609    424.96695
 6930    424.95744    424.95832
 6940    424.94870    424.94958
 6950    424.93986    424.94075
 6960    424.93092    424.93181
 6970    424.92187    424.92279
 6980    424.91271    424.91363
 6990    424.90342    424.90436
 7000    424.89400    424.89495
 7010    424.88447    424.88543
 7020    424.87478    424.87576
 7030    424.86491    424.86591
 7040    424.85488    424.85589
 7050    424.84471    424.84573
 7060    424.83435    424.83539
 7070    424.82380    424.82486
 7080    424.81310    424.81418
 7090    424.80223    424.80332
 7100    424.79131    424.79241
 7110    424.78023    424.78135
 7120    424.76902    424.77015
 7130    424.75758    424.75873
 7140    424.74588    424.74707
 7150    424.73388    424.73510
 7160    424.72158    424.72282
 7170    424.70938    424.71059
 7180    424.69867    424.69956
 7190    424.69038    424.69119
 7200    424.68221    424.68304
 7210    424.67394    424.67477
 7220    424.66555    424.66639
 7230    424.65709    424.65794
 7240    424.64853    424.64940
 7250    424.63985    424.64072
 7260    424.63107    424.63195
 7270    424.62217    424.62307
 7280    424.61313    424.61404
 7290    424.60396    424.60488
 7300    424.59468    424.59561
 7310    424.58525    424.58620
 7320    424.57568    424.57665
 7330    424.56602    424.56699
 7340    424.55622    424.55721
 7350    424.54626    424.54727
 7360    424.53610    424.53713
 7370    424.52572    424.52677
 7380    424.51513    424.51620
 7390    424.50437    424.50546
 7400    424.49350    424.49459
 7410    424.48250    424.48361
 7420    424.47146    424.47257
 7430    424.46018    424.46132
 7440    424.44860    424.44977
 7450    424.43705    424.43815
 7460    424.42792    424.42870
 7470    424.42029    424.42105
 7480    424.41261    424.41338
 7490    424.40483    424.40561
 7500    424.39695    424.39774
 7510    424.38896    424.38977
 7520    424.38090    424.38172
 7530    424.37274    424.37356
 7540    424.36449    424.36532
 7550    424.35617    424.35700
 7560    424.34773    424.34858
 7570    424.33916    424.34002
 7580    424.33044    424.33131
 7590    424.32161    424.32250
 7600    424.31265    424.31355
 7610    424.30355    424.30447
 7620    424.29439    424.29531
 7630    424.28506    424.28600
 7640    424.27557    424.27652
 7650    424.26593    424.26690
 7660    424.25615    424.25712
 7670    424.24636    424.24734
 7680    424.23647    424.23746
 7690    424.22638    424.22740
 7700    424.21618    424.21721
 7710    424.20580    424.20686
 7720    424.19521    424.19628
 7730    424.18437    424.18547
 7740    424.17323    424.17436
 7750    424.16201    424.16307
 7760    424.15374    424.15444
 7770    424.14678    424.14748
 7780    424.13976    424.14047
 7790    424.13267    424.13338
 7800    424.12550    424.12622
 7810    424.11824    424.11897
 7820    424.11088    424.11163
 7830    424.10343    424.10418
 7840    424.09587    424.09663
 7850    424.08824    424.08901
 7860    424.08054    424.08131
 7870    424.07274    424.07353
 7880    424.06487    424.06567
 7890    424.05688    424.05769
 7900    424.04879    424.04961
 7910    424.04056    424.04139
 7920    424.03224    424.03308
 7930    424.02378    424.02463
 7940    424.01516    424.01603
 7950    424.00639    424.00727
 7960    423.99745    423.99835
 7970    423.98832    423.98924
 7980    423.97901    423.97995
 7990    423.96950    423.97046
 8000    423.95989    423.96086
 8010    423.95008    423.95108
 8020    423.94001    423.94103
 8030    423.92971    423.93075
 8040    423.91923    423.92027
 8050    423.91034    423.91105
 8060    423.90365    423.90431
 8070    423.89699    423.89766
 8080    423.89026    423.89093
 8090    423.88344    423.88412
 8100    423.87654    423.87723
 8110    423.86963    423.87033
 8120    423.86266    423.86336
 8130    423.85563    423.85633
 8140    423.84852    423.84924
 8150    423.84132    423.84205
 8160    423.83401    423.83474
 8170    423.82660    423.82734
 8180    423.81908    423.81984
 8190    423.81145    423.81222
 8200    423.80368    423.80446
 8210    423.79579    423.79658
 8220    423.78781    423.78861
 8230    423.77971    423.78053
 8240    423.77149    423.77232
 8250    423.76311    423.76396
 8260    423.75455    423.75542
 8270    423.74580    423.74669
 8280    423.73686    423.73776
 8290    423.72771    423.72863
 8300    423.71832    423.71927
 8310    423.70868    423.70966
 8320    423.69878    423.69978
 8330    423.68871    423.68969
 8340    423.68078    423.68142
 8350    423.67461    423.67523
 8360    423.66841    423.66903
 8370    423.66214    423.66277
 8380    423.65580    423.65644
 8390    423.64938    423.65003
 8400    423.64289    423.64354
 8410    423.63631    423.63697
 8420    423.62968    423.63035
 8430    423.62297    423.62364
 8440    423.61616    423.61684
 8450    423.60925    423.60994
 8460    423.60223    423.60294
 8470    423.59511    423.59583
 8480    423.58787    423.58860
 8490    423.58053    423.58126
 8500    423.57309    423.57384
 8510    423.56558    423.56634
 8520    423.55794    423.55871
 8530    423.55016    423.55094
 8540    423.54222    423.54302
 8550    423.53412    423.53494
 8560    423.52583    423.52667
 8570    423.51735    423.51821
 8580    423.50873    423.50960
 8590    423.49992    423.50082
 8600    423.49089    423.49180
 8610    423.48187    423.48272
 8620    423.47482    423.47544
 8630    423.46871    423.46932
 8640    423.46256    423.46318
 8650    423.45633    423.45696
 8660    423.45002    423.45066
 8670    423.44364    423.44428
 8680    423.43717    423.43782
 8690    423.43060    423.43127
 8700    423.42395    423.42462
 8710    423.41718    423.41786
 8720    423.41031    423.41100
 8730    423.40334    423.40404
 8740    423.39625    423.39696
 8750    423.38903    423.38975
 8760    423.38167    423.38241
 8770    423.37417    423.37492
 8780    423.36651    423.36728
 8790    423.35868    423.35947
 8800    423.35068    423.35149
 8810    423.34262    423.34342
 8820    423.33455    423.33536
 8830    423.32636    423.32718
 8840    423.31802    423.31887
 8850    423.30954    423.31039
 8860    423.30142    423.30215
 8870    423.29518    423.29577
 8880    423.28939    423.28997
 8890    423.28355    423.28414
 8900    423.27763    423.27822
 8910    423.27164    423.27224
 8920    423.26557    423.26618
 8930    423.25941    423.26003
 8940    423.25317    423.25380
 8950    423.24684    423.24748
 8960    423.24041    423.24106
 8970    423.23388    423.23454
 8980    423.22725    423.22792
 8990    423.22050    423.22118
 9000    423.21363    423.21433
 9010    423.20665    423.20736
 9020    423.19954    423.20025
 9030    423.19227    423.19301
 9040    423.18486    423.18561
 9050    423.17728    423.17805
 9060    423.16954    423.17032
 9070    423.16161    423.16241
 9080    423.15348    423.15430
 9090    423.14513    423.14597
 9100    423.13693    423.13766
 9110    423.13113    423.13165
 9120    423.12589    423.12642
 9130    423.12061    423.12114
 9140    423.11528    423.11581
 9150    423.10990    423.11044
 9160    423.10446    423.10501
 9170    423.09896    423.09951
 9180    423.09339    423.09395
 9190    423.08776    423.08832
 9200    423.08205    423.08262
 9210    423.07626    423.07684
 9220    423.07039    423.07098
 9230    423.06444    423.06504
 9240    423.05841    423.05901
 9250    423.05227    423.05289
 9260    423.04604    423.04667
 9270    423.03970    423.04034
 9280    423.03325    423.03391
 9290    423.02669    423.02735
 9300    423.02000    423.02067
 9310    423.01317    423.01386
 9320    423.00620    423.00691
 9330    422.99908    422.99980
 9340    422.99180    422.99254
 9350    422.98435    422.98510
 9360    422.97670    422.97748
 9370    422.96885    422.96965
 9380    422.96081    422.96162
 9390    422.95254    422.95338
 9400    422.94493    422.94551
 9410    422.94001    422.94048
 9420    422.93526    422.93574
 9430    422.93048    422.93096
 9440    422.92565    422.92613
 9450    422.92077    422.92126
 9460    422.91585    422.91634
 9470    422.91088    422.91138
 9480    422.90586    422.90637
 9490    422.90079    422.90130
 9500    422.89567    422.89619
 9510    422.89049    422.89101
 9520    422.88525    422.88578
 9530    422.87995    422.88048
 9540    422.87457    422.87512
 9550    422.86913    422.86968
 9560    422.86362    422.86418
 9570    422.85805    422.85861
 9580    422.85240    422.85297
 9590    422.84667    422.84725
 9600    422.84085    422.84144
 9610    422.83494    422.83554
 9620    422.82893    422.82954
 9630    422.82281    422.82343
 9640    422.81658    422.81721
 9650    422.81022    422.81086
 9660    422.80374    422.80439
 9670    422.79711    422.79778
 9680    422.79033    422.79102
 9690    422.78340    422.78410
 9700    422.77629    422.77701
 9710    422.76903    422.76976
 9720    422.76160    422.76235
 9730    422.75426    422.75492
 9740    422.74917    422.74962
 9750    422.74465    422.74510
 9760    422.74009    422.74055
 9770    422.73549    422.73595
 9780    422.73084    422.73131
 9790    422.72615    422.72662
 9800    422.72141    422.72189
 9810    422.71662    422.71710
 9820    422.71177    422.71226
 9830    422.70687    422.70737
 9840    422.70192    422.70242
 9850    422.69691    422.69741
 9860    422.69183    422.69234
 9870    422.68668    422.68719
 9880    422.68145    422.68198
 9890    422.67616    422.67669
 9900    422.67078    422.67132
 9910    422.66531    422.66586
 9920    422.65976    422.66032
 9930    422.65411    422.65468
 9940    422.64836    422.64894
 9950    422.64251    422.64310
 9960    422.63654    422.63714
 9970    422.63044    422.63106
 9980    422.62422    422.62485
 9990    422.61785    422.61850
 10000    422.61134    422.61200
1 molecule converted
